#
# There is insufficient memory for the Java Runtime Environment to continue.
# Native memory allocation (mmap) failed to map 117440512 bytes for Failed to commit area from 0x0000000091000000 to 0x0000000098000000 of length 117440512.
# Possible reasons:
#   The system is out of physical RAM or swap space
#   The process is running with CompressedOops enabled, and the Java Heap may be blocking the growth of the native heap
# Possible solutions:
#   Reduce memory load on the system
#   Increase physical memory or swap space
#   Check if swap backing store is full
#   Decrease Java heap size (-Xmx/-Xms)
#   Decrease number of Java threads
#   Decrease Java thread stack sizes (-Xss)
#   Set larger code cache with -XX:ReservedCodeCacheSize=
# This output file may be truncated or incomplete.
#
#  Out of Memory Error (t:/workspace/open/src/hotspot/os/windows/os_windows.cpp:3301), pid=7420, tid=19220
#
# JRE version:  (13.0.2+8) (build )
# Java VM: Java HotSpot(TM) 64-Bit Server VM (13.0.2+8, mixed mode, aot, sharing, tiered, compressed oops, g1 gc, windows-amd64)
# No core dump will be written. Minidumps are not enabled by default on client versions of Windows
#

---------------  S U M M A R Y ------------

Command Line: -Dcom.sun.management.jmxremote -Dcom.sun.management.jmxremote.port=11730 -Dcom.sun.management.jmxremote.authenticate=false -Dcom.sun.management.jmxremote.ssl=false -Djava.rmi.server.hostname=localhost -Dspring.jmx.enabled=true -Dspring.application.admin.enabled=true -Dspring.boot.project.name=TicTakToe-Spring-boot -Dfile.encoding=UTF-8 com.example.TicTacToe.TicTacToeApplication --spring.output.ansi.enabled=always

Host: AMD Ryzen 5 2400G with Radeon Vega Graphics    , 8 cores, 6G,  Windows 10 , 64 bit Build 17133 (10.0.17133.1)
Time: Wed Feb 16 19:25:33 2022 Bangladesh Standard Time elapsed time: 0 seconds (0d 0h 0m 0s)

---------------  T H R E A D  ---------------

Current thread (0x0000021bc7059000):  JavaThread "Unknown thread" [_thread_in_vm, id=19220, stack(0x000000a716c00000,0x000000a716d00000)]

Stack: [0x000000a716c00000,0x000000a716d00000]
Native frames: (J=compiled Java code, j=interpreted, Vv=VM code, C=native code)
V  [jvm.dll+0x624f9a]
V  [jvm.dll+0x770cfa]
V  [jvm.dll+0x7724af]
V  [jvm.dll+0x772ab3]
V  [jvm.dll+0x24bf08]
V  [jvm.dll+0x6222aa]
V  [jvm.dll+0x6170b5]
V  [jvm.dll+0x30a88c]
V  [jvm.dll+0x30a6c2]
V  [jvm.dll+0x30fe36]
V  [jvm.dll+0x353f46]
V  [jvm.dll+0x353720]
V  [jvm.dll+0x2e550a]
V  [jvm.dll+0x2e67a2]
V  [jvm.dll+0x74dd78]
V  [jvm.dll+0x361989]
V  [jvm.dll+0x730e65]
V  [jvm.dll+0x3cc53f]
V  [jvm.dll+0x3ce861]
C  [jli.dll+0x51ff]
C  [ucrtbase.dll+0x1c1ae]
C  [KERNEL32.DLL+0x13034]
C  [ntdll.dll+0x71551]


---------------  P R O C E S S  ---------------

Threads class SMR info:
_java_thread_list=0x00007ffcfa80ccb8, length=0, elements={
}

Java Threads: ( => current thread )

Other Threads:
  0x0000021bc7098000 GCTaskThread "GC Thread#0" [stack: 0x000000a716d00000,0x000000a716e00000] [id=10056]
  0x0000021bc70a8000 ConcurrentGCThread "G1 Main Marker" [stack: 0x000000a716e00000,0x000000a716f00000] [id=3456]
  0x0000021bc70ad000 ConcurrentGCThread "G1 Conc#0" [stack: 0x000000a716f00000,0x000000a717000000] [id=11204]

[error occurred during error reporting (printing all threads), id 0xc0000005, EXCEPTION_ACCESS_VIOLATION (0xc0000005) at pc=0x00007ffcfa0451d7]

VM state:not at safepoint (not fully initialized)

VM Mutex/Monitor currently owned by a thread:  ([mutex/lock_event])
[0x0000021bc7055600] Heap_lock - owner thread: 0x0000021bc7059000

Heap address: 0x0000000091000000, size: 1776 MB, Compressed Oops mode: Non-zero based: 0x0000000091000000
Narrow klass base: 0x0000000000000000, Narrow klass shift: 0

GC Heap History (0 events):
No events

Deoptimization events (0 events):
No events

Classes unloaded (0 events):
No events

Classes redefined (0 events):
No events

Internal exceptions (0 events):
No events

Events (8 events):
Event: 0.022 Loaded shared library C:\Program Files\Java\jdk-13.0.2\bin\zip.dll
Event: 0.023 Loaded shared library C:\Program Files\Java\jdk-13.0.2\bin\jimage.dll
Event: 0.028 Loading shared library C:\Program Files\Java\jdk-13.0.2\lib\libjava.base-coop.dll failed, error code 126
Event: 0.029 Loading shared library C:\Program Files\Java\jdk-13.0.2\lib\libjava.logging-coop.dll failed, error code 126
Event: 0.029 Loading shared library C:\Program Files\Java\jdk-13.0.2\lib\libjdk.compiler-coop.dll failed, error code 126
Event: 0.029 Loading shared library C:\Program Files\Java\jdk-13.0.2\lib\libjdk.scripting.nashorn-coop.dll failed, error code 126
Event: 0.029 Loading shared library C:\Program Files\Java\jdk-13.0.2\lib\libjdk.internal.vm.ci-coop.dll failed, error code 126
Event: 0.029 Loading shared library C:\Program Files\Java\jdk-13.0.2\lib\libjdk.internal.vm.compiler-coop.dll failed, error code 126


Dynamic libraries:
0x00007ff63f7a0000 - 0x00007ff63f7af000 	C:\Program Files\Java\jdk-13.0.2\bin\javaw.exe
0x00007ffd0bda0000 - 0x00007ffd0bf81000 	C:\Windows\SYSTEM32\ntdll.dll
0x00007ffd099b0000 - 0x00007ffd09a62000 	C:\Windows\System32\KERNEL32.DLL
0x00007ffd085b0000 - 0x00007ffd08823000 	C:\Windows\System32\KERNELBASE.dll
0x00007ffd08260000 - 0x00007ffd0835a000 	C:\Windows\System32\ucrtbase.dll
0x00007ffcfef70000 - 0x00007ffcfef88000 	C:\Program Files\Java\jdk-13.0.2\bin\jli.dll
0x00007ffd0b620000 - 0x00007ffd0b6c1000 	C:\Windows\System32\ADVAPI32.dll
0x00007ffd0b6e0000 - 0x00007ffd0b77e000 	C:\Windows\System32\msvcrt.dll
0x00007ffd0a030000 - 0x00007ffd0a08b000 	C:\Windows\System32\sechost.dll
0x00007ffd09870000 - 0x00007ffd09994000 	C:\Windows\System32\RPCRT4.dll
0x00007ffcf5f30000 - 0x00007ffcf5f45000 	C:\Program Files\Java\jdk-13.0.2\bin\VCRUNTIME140.dll
0x00007ffd09580000 - 0x00007ffd09710000 	C:\Windows\System32\USER32.dll
0x00007ffd08240000 - 0x00007ffd08260000 	C:\Windows\System32\win32u.dll
0x00007ffd09b40000 - 0x00007ffd09b68000 	C:\Windows\System32\GDI32.dll
0x00007ffd08360000 - 0x00007ffd084f2000 	C:\Windows\System32\gdi32full.dll
0x00007ffd08a80000 - 0x00007ffd08b1f000 	C:\Windows\System32\msvcp_win.dll
0x00007ffcf9620000 - 0x00007ffcf9889000 	C:\Windows\WinSxS\amd64_microsoft.windows.common-controls_6595b64144ccf1df_6.0.17133.1_none_e4d992df105abfa4\COMCTL32.dll
0x00007ffd09cf0000 - 0x00007ffd0a013000 	C:\Windows\System32\combase.dll
0x00007ffd08170000 - 0x00007ffd081ea000 	C:\Windows\System32\bcryptPrimitives.dll
0x00007ffd02390000 - 0x00007ffd0239a000 	C:\Windows\SYSTEM32\VERSION.dll
0x00007ffd0a130000 - 0x00007ffd0a15d000 	C:\Windows\System32\IMM32.DLL
0x00007ffccdb10000 - 0x00007ffccdbab000 	C:\Program Files\Java\jdk-13.0.2\bin\msvcp140.dll
0x00007ffcf9d50000 - 0x00007ffcfa8ad000 	C:\Program Files\Java\jdk-13.0.2\bin\server\jvm.dll
0x00007ffd099a0000 - 0x00007ffd099a8000 	C:\Windows\System32\PSAPI.DLL
0x00007ffcfaf10000 - 0x00007ffcfaf19000 	C:\Windows\SYSTEM32\WSOCK32.dll
0x00007ffd09a70000 - 0x00007ffd09adc000 	C:\Windows\System32\WS2_32.dll
0x00007ffd06400000 - 0x00007ffd06423000 	C:\Windows\SYSTEM32\WINMM.dll
0x00007ffd063d0000 - 0x00007ffd063fa000 	C:\Windows\SYSTEM32\WINMMBASE.dll
0x00007ffd081f0000 - 0x00007ffd08239000 	C:\Windows\System32\cfgmgr32.dll
0x00007ffd080f0000 - 0x00007ffd08101000 	C:\Windows\System32\kernel.appcore.dll
0x00007ffcf84f0000 - 0x00007ffcf8500000 	C:\Program Files\Java\jdk-13.0.2\bin\verify.dll
0x00007ffd03560000 - 0x00007ffd03729000 	C:\Windows\SYSTEM32\DBGHELP.DLL
0x00007ffcfca10000 - 0x00007ffcfca39000 	C:\Windows\SYSTEM32\dbgcore.DLL
0x00007ffcf8530000 - 0x00007ffcf8556000 	C:\Program Files\Java\jdk-13.0.2\bin\java.dll
0x00007ffcf6650000 - 0x00007ffcf6667000 	C:\Program Files\Java\jdk-13.0.2\bin\zip.dll
0x00007ffcf6380000 - 0x00007ffcf638a000 	C:\Program Files\Java\jdk-13.0.2\bin\jimage.dll

dbghelp: loaded successfully - version: 4.0.5 - missing functions: none
symbol engine: initialized successfully - sym options: 0x614 - pdb path: .;C:\Program Files\Java\jdk-13.0.2\bin;C:\Windows\SYSTEM32;C:\Windows\WinSxS\amd64_microsoft.windows.common-controls_6595b64144ccf1df_6.0.17133.1_none_e4d992df105abfa4;C:\Program Files\Java\jdk-13.0.2\bin\server

VM Arguments:
jvm_args: -Dcom.sun.management.jmxremote -Dcom.sun.management.jmxremote.port=11730 -Dcom.sun.management.jmxremote.authenticate=false -Dcom.sun.management.jmxremote.ssl=false -Djava.rmi.server.hostname=localhost -Dspring.jmx.enabled=true -Dspring.application.admin.enabled=true -Dspring.boot.project.name=TicTakToe-Spring-boot -Dfile.encoding=UTF-8 
java_command: com.example.TicTacToe.TicTacToeApplication --spring.output.ansi.enabled=always
java_class_path (initial): C:\Users\USER\Desktop\TicTacToe\TicTakToe-Spring-boot\target\classes;C:\Users\USER\.m2\repository\org\springframework\boot\spring-boot-starter-data-jpa\2.6.3\spring-boot-starter-data-jpa-2.6.3.jar;C:\Users\USER\.m2\repository\org\springframework\boot\spring-boot-starter-aop\2.6.3\spring-boot-starter-aop-2.6.3.jar;C:\Users\USER\.m2\repository\org\springframework\spring-aop\5.3.15\spring-aop-5.3.15.jar;C:\Users\USER\.m2\repository\org\aspectj\aspectjweaver\1.9.7\aspectjweaver-1.9.7.jar;C:\Users\USER\.m2\repository\org\springframework\boot\spring-boot-starter-jdbc\2.6.3\spring-boot-starter-jdbc-2.6.3.jar;C:\Users\USER\.m2\repository\com\zaxxer\HikariCP\4.0.3\HikariCP-4.0.3.jar;C:\Users\USER\.m2\repository\org\springframework\spring-jdbc\5.3.15\spring-jdbc-5.3.15.jar;C:\Users\USER\.m2\repository\jakarta\transaction\jakarta.transaction-api\1.3.3\jakarta.transaction-api-1.3.3.jar;C:\Users\USER\.m2\repository\jakarta\persistence\jakarta.persistence-api\2.2.3\jakarta.persistence-api-2.2.3.jar;C:\Users\USER\.m2\repository\org\hibernate\hibernate-core\5.6.4.Final\hibernate-core-5.6.4.Final.jar;C:\Users\USER\.m2\repository\org\jboss\logging\jboss-logging\3.4.3.Final\jboss-logging-3.4.3.Final.jar;C:\Users\USER\.m2\repository\net\bytebuddy\byte-buddy\1.11.22\byte-buddy-1.11.22.jar;C:\Users\USER\.m2\repository\antlr\antlr\2.7.7\antlr-2.7.7.jar;C:\Users\USER\.m2\repository\org\jboss\jandex\2.4.2.Final\jandex-2.4.2.Final.jar;C:\Users\USER\.m2\repository\com\fasterxml\classmate\1.5.1\classmate-1.5.1.jar;C:\Users\USER\.m2\repository\org\hibernate\common\hibernate-commons-annotations\5.1.2.Final\hibernate-commons-annotations-5.1.2.Final.jar;C:\Users\USER\.m2\repository\org\glassfish\jaxb\jaxb-runtime\2.3.5\jaxb-runtime-2.3.5.jar;C:\Users\USER\.m2\repository\org\glassfish\jaxb\txw2\2.3.5\txw2-2.3.5.jar;C:\Users\USER\.m2\repository\com\sun\istack\istack-commons-runtime\3.0.12\istack-commons-runtime-3.0.12.jar;C:\Users\USER\.m2\repository\com\sun\activation\j
Launcher Type: SUN_STANDARD

[Global flags]
     intx CICompilerCount                          = 4                                         {product} {ergonomic}
     uint ConcGCThreads                            = 2                                         {product} {ergonomic}
     uint G1ConcRefinementThreads                  = 8                                         {product} {ergonomic}
   size_t G1HeapRegionSize                         = 1048576                                   {product} {ergonomic}
    uintx GCDrainStackTargetSize                   = 64                                        {product} {ergonomic}
   size_t InitialHeapSize                          = 117440512                                 {product} {ergonomic}
     bool ManagementServer                         = true                                      {product} {command line}
   size_t MarkStackSize                            = 4194304                                   {product} {ergonomic}
   size_t MaxHeapSize                              = 1862270976                                {product} {ergonomic}
   size_t MinHeapDeltaBytes                        = 1048576                                   {product} {ergonomic}
   size_t MinHeapSize                              = 8388608                                   {product} {ergonomic}
    uintx NonNMethodCodeHeapSize                   = 5839372                                {pd product} {ergonomic}
    uintx NonProfiledCodeHeapSize                  = 122909434                              {pd product} {ergonomic}
    uintx ProfiledCodeHeapSize                     = 122909434                              {pd product} {ergonomic}
    uintx ReservedCodeCacheSize                    = 251658240                              {pd product} {ergonomic}
     bool SegmentedCodeCache                       = true                                      {product} {ergonomic}
   size_t SoftMaxHeapSize                          = 1862270976                             {manageable} {ergonomic}
     bool UseCompressedClassPointers               = true                                 {lp64_product} {ergonomic}
     bool UseCompressedOops                        = true                                 {lp64_product} {ergonomic}
     bool UseG1GC                                  = true                                      {product} {ergonomic}
     bool UseLargePagesIndividualAllocation        = false                                  {pd product} {ergonomic}

Logging:
Log output configuration:
 #0: stdout all=warning uptime,level,tags
 #1: stderr all=off uptime,level,tags

Environment Variables:
PATH=C:/Program Files/Java/jdk-13.0.2/bin/server;C:/Program Files/Java/jdk-13.0.2/bin;C:\Windows\system32;C:\Windows;C:\Windows\System32\Wbem;C:\Windows\System32\WindowsPowerShell\v1.0\;C:\Windows\System32\OpenSSH\;C:\Program Files\Java\jdk-13.0.2\bin;C:\xampp\sqlite\sqlite-dll-win64-x64-3320300;C:\Users\USER\Downloads\apache-maven-3.6.3\bin;C:\Program Files\Git\cmd;C:\xampp\php;C:\ProgramData\ComposerSetup\bin;C:\Program Files\nodejs\;C:\Program Files\MongoDB\Server\4.4\bin;C:\Program Files\Go\bin;C:\Program Files\MySQL\MySQL Shell 8.0\bin\;C:\Users\USER\Downloads\sqlite\sqlite-tools-win32-x86-3320300\sqlite-tools-win32-x86-3320300;C:\Program Files\heroku\bin;C:\Users\USER\AppData\Local\Programs\Microsoft VS Code\bin;C:\Users\USER\AppData\Roaming\Composer\vendor\bin;C:\Users\USER\AppData\Roaming\npm;C:\Users\USER\go\bin;C:\Users\USER\Downloads\sts-4.7.1.RELEASE;
USERNAME=USER
OS=Windows_NT
PROCESSOR_IDENTIFIER=AMD64 Family 23 Model 17 Stepping 0, AuthenticAMD



---------------  S Y S T E M  ---------------

OS: Windows 10 , 64 bit Build 17133 (10.0.17133.1)

CPU:total 8 (initial active 8) (8 cores per cpu, 2 threads per core) family 23 model 17 stepping 0, cmov, cx8, fxsr, mmx, sse, sse2, sse3, ssse3, sse4.1, sse4.2, popcnt, avx, avx2, aes, clmul, mmxext, 3dnowpref, lzcnt, sse4a, ht, tsc, tscinvbit, tscinv, bmi1, bmi2, adx, sha, fma

Memory: 4k page, system-wide physical 7097M (354M free)
TotalPageFile size 32043M (AvailPageFile size 46M)
current process WorkingSet (physical memory assigned to process): 10M, peak: 10M
current process commit charge ("private bytes"): 60M, peak: 172M

vm_info: Java HotSpot(TM) 64-Bit Server VM (13.0.2+8) for windows-amd64 JRE (13.0.2+8), built on Dec 11 2019 09:20:33 by "mach5one" with unknown MS VC++:1916

END.
